1754676
1180
1837128
478784
2695007
36999
22965
57680
91417
18528865
92119
63996
274161
769539
166625
18196708
12121689
9714745
130022
133723
63996
12031866
3406565
183862
92119
226805
20039531
226805
2918525
251603
228647
28032103
22161639
232348
60063
228647
346772
7799275
181370
228647
228647
228647
437591
135005
306162
24197137
13587543
13619378
30740327
286484
24482669
135005
392746
555417
921279
8135651
378883
135005
40771939
72353
24464693
392746
28434358
14755041
452313
328325
34684290
4101059
527074
308739
135005
9235833
